[2025-03-30 02:33:53.859] Menerima file upload: Default Format Cycle & Delay.xlsx
[2025-03-30 02:33:53.862] Memulai pemrosesan file: Default Format Cycle & Delay.xlsx
[2025-03-30 02:33:53.979] Sheets dalam file: ['Delay', 'Cycle']
[2025-03-30 02:33:53.979] Membaca sheet: Delay
[2025-03-30 02:33:54.178] Kolom pada sheet Delay: ['Unit', 'Start Date', 'Finish Date', 'Duration', 'Delay Type', 'Catetory', 'Description']
[2025-03-30 02:33:54.178] Sheet Delay terdeteksi sebagai delay
[2025-03-30 02:33:54.178] Membersihkan data delay pada sheet Delay
[2025-03-30 02:33:55.061] Membaca sheet: Cycle
[2025-03-30 02:33:55.754] Kolom pada sheet Cycle: ['Unit', 'Operator', 'Start time', 'Finish Time', 'Dur', 'Source', 'Destination']
[2025-03-30 02:33:55.754] Sheet Cycle terdeteksi sebagai cycle
[2025-03-30 02:33:55.771] Membersihkan data cycle pada sheet Cycle
[2025-03-30 02:34:04.441] Membuat sheet Performance berdasarkan data Delay dan Cycle
[2025-03-30 02:34:04.575] Hasil sheets yang diproses: ['Delay', 'Cycle', 'Performance']
[2025-03-30 02:34:04.575] Membuat file Excel baru dengan data yang sudah dibersihkan
[2025-03-30 02:34:04.575] Menulis sheet Delay ke file output
[2025-03-30 02:34:04.652] Menulis sheet Cycle ke file output
[2025-03-30 02:34:05.486] Menulis sheet Performance ke file output
[2025-03-30 02:34:07.118] Pemrosesan file selesai: Default Format Cycle & Delay.xlsx
[2025-03-30 02:34:11.737] Menerima file upload: Default Format Cycle & Delay.xlsx
[2025-03-30 02:34:11.737] Memulai pemrosesan file: Default Format Cycle & Delay.xlsx
[2025-03-30 02:34:11.874] Sheets dalam file: ['Delay', 'Cycle']
[2025-03-30 02:34:11.874] Membaca sheet: Delay
[2025-03-30 02:34:12.040] Kolom pada sheet Delay: ['Unit', 'Start Date', 'Finish Date', 'Duration', 'Delay Type', 'Catetory', 'Description']
[2025-03-30 02:34:12.040] Sheet Delay terdeteksi sebagai delay
[2025-03-30 02:34:12.040] Membersihkan data delay pada sheet Delay
[2025-03-30 02:34:13.079] Membaca sheet: Cycle
[2025-03-30 02:34:13.934] Kolom pada sheet Cycle: ['Unit', 'Operator', 'Start time', 'Finish Time', 'Dur', 'Source', 'Destination']
[2025-03-30 02:34:13.934] Sheet Cycle terdeteksi sebagai cycle
[2025-03-30 02:34:13.934] Membersihkan data cycle pada sheet Cycle
[2025-03-30 02:34:23.934] Membuat sheet Performance berdasarkan data Delay dan Cycle
[2025-03-30 02:34:24.123] Hasil sheets yang diproses: ['Delay', 'Cycle', 'Performance']
[2025-03-30 02:34:24.123] Membuat file Excel baru dengan data yang sudah dibersihkan
[2025-03-30 02:34:24.123] Menulis sheet Delay ke file output
[2025-03-30 02:34:24.202] Menulis sheet Cycle ke file output
[2025-03-30 02:34:25.185] Menulis sheet Performance ke file output
[2025-03-30 02:34:26.964] Pemrosesan file selesai: Default Format Cycle & Delay.xlsx
[2025-03-30 02:39:39.806] Menerima file upload: Default Format Cycle & Delay.xlsx
[2025-03-30 02:39:39.815] Memulai pemrosesan file: Default Format Cycle & Delay.xlsx
[2025-03-30 02:39:39.983] Sheets dalam file: ['Delay', 'Cycle']
[2025-03-30 02:39:39.983] Membaca sheet: Delay
[2025-03-30 02:39:40.166] Kolom pada sheet Delay: ['Unit', 'Start Date', 'Finish Date', 'Duration', 'Delay Type', 'Catetory', 'Description']
[2025-03-30 02:39:40.166] Sheet Delay terdeteksi sebagai delay
[2025-03-30 02:39:40.182] Membersihkan data delay pada sheet Delay
[2025-03-30 02:39:41.006] Membaca sheet: Cycle
[2025-03-30 02:39:41.882] Kolom pada sheet Cycle: ['Unit', 'Operator', 'Start time', 'Finish Time', 'Dur', 'Source', 'Destination']
[2025-03-30 02:39:41.882] Sheet Cycle terdeteksi sebagai cycle
[2025-03-30 02:39:41.882] Membersihkan data cycle pada sheet Cycle
[2025-03-30 02:39:51.065] Membuat sheet Performance berdasarkan data Delay dan Cycle
[2025-03-30 02:39:51.224] Hasil sheets yang diproses: ['Delay', 'Cycle', 'Performance']
[2025-03-30 02:39:51.224] Membuat file Excel baru dengan data yang sudah dibersihkan
[2025-03-30 02:39:51.224] Menulis sheet Delay ke file output
[2025-03-30 02:39:51.298] Menulis sheet Cycle ke file output
[2025-03-30 02:39:52.264] Menulis sheet Performance ke file output
[2025-03-30 02:39:54.200] Pemrosesan file selesai: Default Format Cycle & Delay.xlsx
[2025-03-30 02:41:55.236] Menerima file upload: Default Format Cycle & Delay.xlsx
[2025-03-30 02:41:55.236] Memulai pemrosesan file: Default Format Cycle & Delay.xlsx
[2025-03-30 02:41:55.365] Sheets dalam file: ['Delay', 'Cycle']
[2025-03-30 02:41:55.365] Membaca sheet: Delay
[2025-03-30 02:41:55.565] Kolom pada sheet Delay: ['Unit', 'Start Date', 'Finish Date', 'Duration', 'Delay Type', 'Catetory', 'Description']
[2025-03-30 02:41:55.565] Sheet Delay terdeteksi sebagai delay
[2025-03-30 02:41:55.565] Membersihkan data delay pada sheet Delay
[2025-03-30 02:41:56.348] Membaca sheet: Cycle
[2025-03-30 02:41:57.088] Kolom pada sheet Cycle: ['Unit', 'Operator', 'Start time', 'Finish Time', 'Dur', 'Source', 'Destination']
[2025-03-30 02:41:57.088] Sheet Cycle terdeteksi sebagai cycle
[2025-03-30 02:41:57.088] Membersihkan data cycle pada sheet Cycle
[2025-03-30 02:42:06.684] Membuat sheet Performance berdasarkan data Delay dan Cycle
[2025-03-30 02:42:06.880] Hasil sheets yang diproses: ['Delay', 'Cycle', 'Performance']
[2025-03-30 02:42:06.880] Membuat file Excel baru dengan data yang sudah dibersihkan
[2025-03-30 02:42:06.880] Menulis sheet Delay ke file output
[2025-03-30 02:42:06.981] Menulis sheet Cycle ke file output
[2025-03-30 02:42:07.895] Menulis sheet Performance ke file output
[2025-03-30 02:42:09.816] Pemrosesan file selesai: Default Format Cycle & Delay.xlsx
[2025-03-30 02:46:33.429] Menerima file upload: Default Format Cycle & Delay.xlsx
[2025-03-30 02:46:33.429] Memulai pemrosesan file: Default Format Cycle & Delay.xlsx
[2025-03-30 02:46:33.577] Sheets dalam file: ['Delay', 'Cycle']
[2025-03-30 02:46:33.577] Membaca sheet: Delay
[2025-03-30 02:46:33.775] Kolom pada sheet Delay: ['Unit', 'Start Date', 'Finish Date', 'Duration', 'Delay Type', 'Catetory', 'Description']
[2025-03-30 02:46:33.775] Sheet Delay terdeteksi sebagai delay
[2025-03-30 02:46:33.775] Membersihkan data delay pada sheet Delay
[2025-03-30 02:46:34.629] Membaca sheet: Cycle
[2025-03-30 02:46:35.396] Kolom pada sheet Cycle: ['Unit', 'Operator', 'Start time', 'Finish Time', 'Dur', 'Source', 'Destination']
[2025-03-30 02:46:35.408] Sheet Cycle terdeteksi sebagai cycle
[2025-03-30 02:46:35.408] Membersihkan data cycle pada sheet Cycle
[2025-03-30 02:46:45.117] Membuat sheet Performance berdasarkan data Delay dan Cycle
[2025-03-30 02:46:45.278] Hasil sheets yang diproses: ['Delay', 'Cycle', 'Performance']
[2025-03-30 02:46:45.278] Membuat file Excel baru dengan data yang sudah dibersihkan
[2025-03-30 02:46:45.278] Menulis sheet Delay ke file output
[2025-03-30 02:46:45.364] Menulis sheet Cycle ke file output
[2025-03-30 02:46:46.211] Menulis sheet Performance ke file output
[2025-03-30 02:46:48.090] Pemrosesan file selesai: Default Format Cycle & Delay.xlsx
[2025-03-30 02:55:57.645] Menerima file upload: Default Format Cycle & Delay.xlsx
[2025-03-30 02:55:57.645] Memulai pemrosesan file: Default Format Cycle & Delay.xlsx
[2025-03-30 02:55:57.806] Sheets dalam file: ['Delay', 'Cycle']
[2025-03-30 02:55:57.806] Membaca sheet: Delay
[2025-03-30 02:55:57.989] Kolom pada sheet Delay: ['Unit', 'Start Date', 'Finish Date', 'Duration', 'Delay Type', 'Catetory', 'Description']
[2025-03-30 02:55:57.989] Sheet Delay terdeteksi sebagai delay
[2025-03-30 02:55:57.989] Membersihkan data delay pada sheet Delay
[2025-03-30 02:55:58.922] Membaca sheet: Cycle
[2025-03-30 02:55:59.783] Kolom pada sheet Cycle: ['Unit', 'Operator', 'Start time', 'Finish Time', 'Dur', 'Source', 'Destination']
[2025-03-30 02:55:59.783] Sheet Cycle terdeteksi sebagai cycle
[2025-03-30 02:55:59.783] Membersihkan data cycle pada sheet Cycle
[2025-03-30 02:56:09.061] Membuat sheet Performance berdasarkan data Delay dan Cycle
[2025-03-30 02:56:09.233] Hasil sheets yang diproses: ['Delay', 'Cycle', 'Performance']
[2025-03-30 02:56:09.233] Membuat file Excel baru dengan data yang sudah dibersihkan
[2025-03-30 02:56:09.233] Menulis sheet Delay ke file output
[2025-03-30 02:56:09.313] Menulis sheet Cycle ke file output
[2025-03-30 02:56:10.149] Menulis sheet Performance ke file output
[2025-03-30 02:56:11.852] Pemrosesan file selesai: Default Format Cycle & Delay.xlsx
[2025-03-30 03:24:03.460] Menerima file upload: Default Format Cycle & Delay.xlsx
[2025-03-30 03:24:03.460] Memulai pemrosesan file: Default Format Cycle & Delay.xlsx
[2025-03-30 03:24:03.587] Sheets dalam file: ['Delay', 'Cycle']
[2025-03-30 03:24:03.587] Membaca sheet: Delay
[2025-03-30 03:24:03.794] Kolom pada sheet Delay: ['Unit', 'Start Date', 'Finish Date', 'Duration', 'Delay Type', 'Catetory', 'Description']
[2025-03-30 03:24:03.794] Sheet Delay terdeteksi sebagai delay
[2025-03-30 03:24:03.794] Membersihkan data delay pada sheet Delay
[2025-03-30 03:24:04.555] Membaca sheet: Cycle
[2025-03-30 03:24:05.270] Kolom pada sheet Cycle: ['Unit', 'Operator', 'Start time', 'Finish Time', 'Dur', 'Source', 'Destination']
[2025-03-30 03:24:05.282] Sheet Cycle terdeteksi sebagai cycle
[2025-03-30 03:24:05.282] Membersihkan data cycle pada sheet Cycle
[2025-03-30 03:24:14.352] Membuat sheet Performance berdasarkan data Delay dan Cycle
[2025-03-30 03:24:14.536] Hasil sheets yang diproses: ['Delay', 'Cycle', 'Performance']
[2025-03-30 03:24:14.536] Membuat file Excel baru dengan data yang sudah dibersihkan
[2025-03-30 03:24:14.536] Menulis sheet Delay ke file output
[2025-03-30 03:24:14.619] Menulis sheet Cycle ke file output
[2025-03-30 03:24:15.488] Menulis sheet Performance ke file output
[2025-03-30 03:24:17.492] Pemrosesan file selesai: Default Format Cycle & Delay.xlsx
[2025-03-30 03:32:06.995] Menerima file upload: Default Format Cycle & Delay.xlsx
[2025-03-30 03:32:06.995] Memulai pemrosesan file: Default Format Cycle & Delay.xlsx
[2025-03-30 03:32:07.140] Sheets dalam file: ['Delay', 'Cycle']
[2025-03-30 03:32:07.140] Membaca sheet: Delay
[2025-03-30 03:32:07.322] Kolom pada sheet Delay: ['Unit', 'Start Date', 'Finish Date', 'Duration', 'Delay Type', 'Catetory', 'Description']
[2025-03-30 03:32:07.322] Sheet Delay terdeteksi sebagai delay
[2025-03-30 03:32:07.322] Membersihkan data delay pada sheet Delay
[2025-03-30 03:32:08.157] Membaca sheet: Cycle
[2025-03-30 03:32:08.873] Kolom pada sheet Cycle: ['Unit', 'Operator', 'Start time', 'Finish Time', 'Dur', 'Source', 'Destination']
[2025-03-30 03:32:08.873] Sheet Cycle terdeteksi sebagai cycle
[2025-03-30 03:32:08.889] Membersihkan data cycle pada sheet Cycle
[2025-03-30 03:32:18.556] Membuat sheet Performance berdasarkan data Delay dan Cycle
[2025-03-30 03:32:18.722] Membuat sheet perbandingan untuk analisis
[2025-03-30 03:32:18.990] Hasil sheets yang diproses: ['Delay', 'Cycle', 'Performance', 'Comparison']
[2025-03-30 03:32:19.006] Membuat file Excel baru dengan data yang sudah dibersihkan
[2025-03-30 03:32:19.007] Menulis sheet Delay ke file output
[2025-03-30 03:32:19.072] Menulis sheet Cycle ke file output
[2025-03-30 03:32:19.922] Menulis sheet Performance ke file output
[2025-03-30 03:32:19.922] Menulis sheet Comparison ke file output
[2025-03-30 03:32:21.639] Pemrosesan file selesai: Default Format Cycle & Delay.xlsx
[2025-03-30 03:39:44.796] Menerima file upload: Default Format Cycle & Delay.xlsx
[2025-03-30 03:39:44.798] Memulai pemrosesan file: Default Format Cycle & Delay.xlsx
[2025-03-30 03:39:44.931] Sheets dalam file: ['Delay', 'Cycle']
[2025-03-30 03:39:44.931] Membaca sheet: Delay
[2025-03-30 03:39:45.114] Kolom pada sheet Delay: ['Unit', 'Start Date', 'Finish Date', 'Duration', 'Delay Type', 'Catetory', 'Description']
[2025-03-30 03:39:45.114] Sheet Delay terdeteksi sebagai delay
[2025-03-30 03:39:45.114] Membersihkan data delay pada sheet Delay
[2025-03-30 03:39:45.897] Membaca sheet: Cycle
[2025-03-30 03:39:46.597] Kolom pada sheet Cycle: ['Unit', 'Operator', 'Start time', 'Finish Time', 'Dur', 'Source', 'Destination']
[2025-03-30 03:39:46.613] Sheet Cycle terdeteksi sebagai cycle
[2025-03-30 03:39:46.614] Membersihkan data cycle pada sheet Cycle
[2025-03-30 03:39:55.764] Membuat sheet Performance berdasarkan data Delay dan Cycle
[2025-03-30 03:39:55.930] Membuat sheet perbandingan untuk analisis
[2025-03-30 03:39:56.163] Hasil sheets yang diproses: ['Delay', 'Cycle', 'Performance', 'Comparison']
[2025-03-30 03:39:56.163] Membuat file Excel baru dengan data yang sudah dibersihkan
[2025-03-30 03:39:56.163] Menulis sheet Delay ke file output
[2025-03-30 03:39:56.229] Menulis sheet Cycle ke file output
[2025-03-30 03:39:57.079] Menulis sheet Performance ke file output
[2025-03-30 03:39:57.092] Menulis sheet Comparison ke file output
[2025-03-30 03:39:58.844] Pemrosesan file selesai: Default Format Cycle & Delay.xlsx
[2025-03-30 03:44:43.580] Menerima file upload: Default Format Cycle & Delay.xlsx
[2025-03-30 03:44:43.592] Memulai pemrosesan file: Default Format Cycle & Delay.xlsx
[2025-03-30 03:44:43.788] Sheets dalam file: ['Delay', 'Cycle']
[2025-03-30 03:44:43.790] Membaca sheet: Delay
[2025-03-30 03:44:43.984] Kolom pada sheet Delay: ['Unit', 'Start Date', 'Finish Date', 'Duration', 'Delay Type', 'Catetory', 'Description']
[2025-03-30 03:44:43.984] Sheet Delay terdeteksi sebagai delay
[2025-03-30 03:44:43.984] Membersihkan data delay pada sheet Delay
[2025-03-30 03:44:44.850] Membaca sheet: Cycle
[2025-03-30 03:44:45.559] Kolom pada sheet Cycle: ['Unit', 'Operator', 'Start time', 'Finish Time', 'Dur', 'Source', 'Destination']
[2025-03-30 03:44:45.559] Sheet Cycle terdeteksi sebagai cycle
[2025-03-30 03:44:45.559] Membersihkan data cycle pada sheet Cycle
[2025-03-30 03:44:54.981] Membuat sheet Performance berdasarkan data Delay dan Cycle
[2025-03-30 03:44:55.124] Membuat sheet perbandingan untuk analisis
[2025-03-30 03:44:55.378] Hasil sheets yang diproses: ['Delay', 'Cycle', 'Performance', 'Comparison']
[2025-03-30 03:44:55.378] Membuat file Excel baru dengan data yang sudah dibersihkan
[2025-03-30 03:44:55.378] Menulis sheet Delay ke file output
[2025-03-30 03:44:55.442] Menulis sheet Cycle ke file output
[2025-03-30 03:44:56.267] Menulis sheet Performance ke file output
[2025-03-30 03:44:56.283] Menulis sheet Comparison ke file output
[2025-03-30 03:44:57.960] Pemrosesan file selesai: Default Format Cycle & Delay.xlsx
[2025-03-30 03:49:22.631] Menerima file upload: Default Format Cycle & Delay.xlsx
[2025-03-30 03:49:22.631] Memulai pemrosesan file: Default Format Cycle & Delay.xlsx
[2025-03-30 03:49:22.835] Sheets dalam file: ['Delay', 'Cycle']
[2025-03-30 03:49:22.836] Membaca sheet: Delay
[2025-03-30 03:49:23.133] Kolom pada sheet Delay: ['Unit', 'Start Date', 'Finish Date', 'Duration', 'Delay Type', 'Catetory', 'Description']
[2025-03-30 03:49:23.134] Sheet Delay terdeteksi sebagai delay
[2025-03-30 03:49:23.135] Membersihkan data delay pada sheet Delay
[2025-03-30 03:49:24.407] Membaca sheet: Cycle
[2025-03-30 03:49:25.449] Kolom pada sheet Cycle: ['Unit', 'Operator', 'Start time', 'Finish Time', 'Dur', 'Source', 'Destination']
[2025-03-30 03:49:25.451] Sheet Cycle terdeteksi sebagai cycle
[2025-03-30 03:49:25.451] Membersihkan data cycle pada sheet Cycle
[2025-03-30 03:49:36.456] Membuat sheet Performance berdasarkan data Delay dan Cycle
[2025-03-30 03:49:36.659] Hasil sheets yang diproses: ['Delay', 'Cycle', 'Performance']
[2025-03-30 03:49:36.659] Membuat file Excel baru dengan data yang sudah dibersihkan
[2025-03-30 03:49:36.659] Menulis sheet Delay ke file output
[2025-03-30 03:49:36.760] Menulis sheet Cycle ke file output
[2025-03-30 03:49:37.703] Menulis sheet Performance ke file output
[2025-03-30 03:49:38.828] Menerima file upload: Default Format Cycle & Delay.xlsx
[2025-03-30 03:49:38.828] Memulai pemrosesan file: Default Format Cycle & Delay.xlsx
[2025-03-30 03:49:38.960] Sheets dalam file: ['Delay', 'Cycle']
[2025-03-30 03:49:38.960] Membaca sheet: Delay
[2025-03-30 03:49:39.153] Kolom pada sheet Delay: ['Unit', 'Start Date', 'Finish Date', 'Duration', 'Delay Type', 'Catetory', 'Description']
[2025-03-30 03:49:39.153] Sheet Delay terdeteksi sebagai delay
[2025-03-30 03:49:39.153] Membersihkan data delay pada sheet Delay
[2025-03-30 03:49:40.004] Membaca sheet: Cycle
[2025-03-30 03:49:40.879] Kolom pada sheet Cycle: ['Unit', 'Operator', 'Start time', 'Finish Time', 'Dur', 'Source', 'Destination']
[2025-03-30 03:49:40.879] Sheet Cycle terdeteksi sebagai cycle
[2025-03-30 03:49:40.879] Membersihkan data cycle pada sheet Cycle
[2025-03-30 03:49:52.037] Membuat sheet Performance berdasarkan data Delay dan Cycle
[2025-03-30 03:49:52.223] Membuat sheet Comparison untuk memvalidasi perhitungan
[2025-03-30 03:49:52.502] Hasil sheets yang diproses: ['Delay', 'Cycle', 'Performance', 'Comparison']
[2025-03-30 03:49:52.502] Membuat file Excel baru dengan data yang sudah dibersihkan
[2025-03-30 03:49:52.502] Menulis sheet Delay ke file output
[2025-03-30 03:49:52.586] Menulis sheet Cycle ke file output
[2025-03-30 03:49:54.122] Menulis sheet Performance ke file output
[2025-03-30 03:49:54.154] Menulis sheet Comparison ke file output
[2025-03-30 03:49:56.176] Pemrosesan file selesai: Default Format Cycle & Delay.xlsx
[2025-03-30 03:57:15.253] Menerima file upload: Default Format Cycle & Delay.xlsx
[2025-03-30 03:57:15.253] Memulai pemrosesan file: Default Format Cycle & Delay.xlsx
[2025-03-30 03:57:15.394] Sheets dalam file: ['Delay', 'Cycle']
[2025-03-30 03:57:15.394] Membaca sheet: Delay
[2025-03-30 03:57:15.593] Kolom pada sheet Delay: ['Unit', 'Start Date', 'Finish Date', 'Duration', 'Delay Type', 'Catetory', 'Description']
[2025-03-30 03:57:15.594] Sheet Delay terdeteksi sebagai delay
[2025-03-30 03:57:15.594] Membersihkan data delay pada sheet Delay
[2025-03-30 03:57:16.394] Membaca sheet: Cycle
[2025-03-30 03:57:17.094] Kolom pada sheet Cycle: ['Unit', 'Operator', 'Start time', 'Finish Time', 'Dur', 'Source', 'Destination']
[2025-03-30 03:57:17.110] Sheet Cycle terdeteksi sebagai cycle
[2025-03-30 03:57:17.111] Membersihkan data cycle pada sheet Cycle
[2025-03-30 03:57:26.293] Membuat sheet Performance berdasarkan data Delay dan Cycle
[2025-03-30 03:57:26.469] Hasil sheets yang diproses: ['Delay', 'Cycle', 'Performance']
[2025-03-30 03:57:26.469] Membuat file Excel baru dengan data yang sudah dibersihkan
[2025-03-30 03:57:26.469] Menulis sheet Delay ke file output
[2025-03-30 03:57:26.560] Menulis sheet Cycle ke file output
[2025-03-30 03:57:27.821] Menulis sheet Performance ke file output
[2025-03-30 03:57:29.738] Pemrosesan file selesai: Default Format Cycle & Delay.xlsx
